2019-12-15T12:58:53.325Z - normal: Load ~/.CocosCreator/settings.json
2019-12-15T12:58:53.386Z - normal: Initializing Asset Database
2019-12-15T12:58:53.388Z - normal: checking language setting...
2019-12-15T12:58:53.389Z - normal: Language: en
2019-12-15T12:58:53.886Z - success: preview server running at http://localhost:7456
2019-12-15T12:58:53.914Z - success: protocol editor-framework registered
2019-12-15T12:58:53.915Z - success: protocol app registered
2019-12-15T12:58:53.915Z - success: protocol theme registered
2019-12-15T12:58:53.915Z - success: protocol packages registered
2019-12-15T12:58:53.915Z - success: protocol uuid registerred
2019-12-15T12:58:53.915Z - success: protocol db registerred
2019-12-15T12:58:53.915Z - success: protocol thumbnail registerred
2019-12-15T12:58:53.915Z - success: protocol unpack registerred
2019-12-15T12:58:53.916Z - success: protocol disable-commonjs registerred
2019-12-15T12:58:54.140Z - normal: connected!
2019-12-15T12:58:54.140Z - normal: Check project /Users/chorai/Working/01_Projects/questgame
2019-12-15T12:58:54.141Z - normal: Initializing project /Users/chorai/Working/01_Projects/questgame
2019-12-15T12:58:54.220Z - success: adapters loaded
2019-12-15T12:58:54.236Z - success: asset-db-debugger loaded
2019-12-15T12:58:54.315Z - success: fb-audience-network loaded
2019-12-15T12:58:54.343Z - success: fb-live-stream loaded
2019-12-15T12:58:54.345Z - success: google-play-instant loaded
2019-12-15T12:58:54.348Z - success: huawei-runtime loaded
2019-12-15T12:58:54.349Z - success: jkw-adapter loaded
2019-12-15T12:58:54.350Z - success: jsb-adapter loaded
2019-12-15T12:58:54.353Z - success: oppo-runtime loaded
2019-12-15T12:58:54.372Z - success: package-manager loaded
2019-12-15T12:58:54.376Z - success: runtime-dev-tools loaded
2019-12-15T12:58:54.397Z - success: sdkbox loaded
2019-12-15T12:58:54.415Z - success: ui-kit-preview-extra loaded
2019-12-15T12:58:54.432Z - success: ui-kit-preview loaded
2019-12-15T12:58:54.436Z - success: vivo-runtime loaded
2019-12-15T12:58:54.438Z - success: alipay-minigame loaded
2019-12-15T12:58:54.506Z - success: assets loaded
2019-12-15T12:58:54.510Z - success: baidugame-opendata loaded
2019-12-15T12:58:54.512Z - success: baidugame loaded
2019-12-15T12:58:54.531Z - success: builder loaded
2019-12-15T12:58:54.687Z - success: cocos-services loaded
2019-12-15T12:58:54.707Z - success: console loaded
2019-12-15T12:58:54.719Z - success: fb-instant-games loaded
2019-12-15T12:58:54.734Z - success: game-window loaded
2019-12-15T12:58:54.735Z - success: google-instant-games loaded
2019-12-15T12:58:54.752Z - success: hierarchy loaded
2019-12-15T12:58:54.768Z - success: inspector loaded
2019-12-15T12:58:55.051Z - success: cpk-publish loaded
2019-12-15T12:58:55.084Z - success: keystore loaded
2019-12-15T12:58:55.112Z - success: node-library loaded
2019-12-15T12:58:55.113Z - success: open-recent-items loaded
2019-12-15T12:58:55.114Z - success: package-asset loaded
2019-12-15T12:58:55.115Z - success: preferences loaded
2019-12-15T12:58:55.130Z - success: project-exporter loaded
2019-12-15T12:58:55.149Z - success: project-importer loaded
2019-12-15T12:58:55.166Z - success: project-settings loaded
2019-12-15T12:58:55.183Z - success: scene loaded
2019-12-15T12:58:55.184Z - success: simulator-debugger loaded
2019-12-15T12:58:55.185Z - success: sprite-editor loaded
2019-12-15T12:58:55.201Z - success: store loaded
2019-12-15T12:58:55.219Z - success: timeline loaded
2019-12-15T12:58:55.222Z - success: wechatgame-opendata loaded
2019-12-15T12:58:55.225Z - success: wechatgame loaded
2019-12-15T12:58:55.228Z - success: xiaomi-runtime loaded
2019-12-15T12:58:56.108Z - normal: Initializing Cocos2d
2019-12-15T12:58:56.464Z - normal: Initializing engine extends
2019-12-15T12:58:56.991Z - normal: Loading packages
2019-12-15T12:58:56.995Z - normal: Watching packages
2019-12-15T12:58:57.062Z - normal: Run Application
2019-12-15T12:58:59.150Z - info: Cocos Service load base data!
2019-12-15T12:59:00.296Z - warn: Please change the definition of property 'countdownAudio_1' in class 'Game'. Starting from v1.10,
properties in CCClass can not be abbreviated if they are of type RawAsset.
Please use the complete form.
For example, if the type is Texture2D, the previous definition is:
    countdownAudio_1: cc.Texture2D,
If you use JS, it should be changed to:
    countdownAudio_1: {
      type: cc.Texture2D // use 'type:' to define Texture2D object directly
      default: null,     // object's default value is null
    },
If you use TS, it should be changed to:
    %s: {
      type: cc.Texture2D // use 'type:' to define Texture2D object directly
    }
    %s: cc.Texture2D = null;
(This helps us to successfully refactor all RawAssets at v2.0, sorry for the inconvenience. 😰 )
2019-12-15T12:59:00.296Z - warn: Please change the definition of property 'countdownAudio_2' in class 'Game'. Starting from v1.10,
properties in CCClass can not be abbreviated if they are of type RawAsset.
Please use the complete form.
For example, if the type is Texture2D, the previous definition is:
    countdownAudio_2: cc.Texture2D,
If you use JS, it should be changed to:
    countdownAudio_2: {
      type: cc.Texture2D // use 'type:' to define Texture2D object directly
      default: null,     // object's default value is null
    },
If you use TS, it should be changed to:
    %s: {
      type: cc.Texture2D // use 'type:' to define Texture2D object directly
    }
    %s: cc.Texture2D = null;
(This helps us to successfully refactor all RawAssets at v2.0, sorry for the inconvenience. 😰 )
2019-12-15T12:59:00.298Z - warn: Please change the definition of property 'faildAudio' in class 'Qa'. Starting from v1.10,
properties in CCClass can not be abbreviated if they are of type RawAsset.
Please use the complete form.
For example, if the type is Texture2D, the previous definition is:
    faildAudio: cc.Texture2D,
If you use JS, it should be changed to:
    faildAudio: {
      type: cc.Texture2D // use 'type:' to define Texture2D object directly
      default: null,     // object's default value is null
    },
If you use TS, it should be changed to:
    %s: {
      type: cc.Texture2D // use 'type:' to define Texture2D object directly
    }
    %s: cc.Texture2D = null;
(This helps us to successfully refactor all RawAssets at v2.0, sorry for the inconvenience. 😰 )
2019-12-15T12:59:00.298Z - warn: Please change the definition of property 'successAudio' in class 'Qa'. Starting from v1.10,
properties in CCClass can not be abbreviated if they are of type RawAsset.
Please use the complete form.
For example, if the type is Texture2D, the previous definition is:
    successAudio: cc.Texture2D,
If you use JS, it should be changed to:
    successAudio: {
      type: cc.Texture2D // use 'type:' to define Texture2D object directly
      default: null,     // object's default value is null
    },
If you use TS, it should be changed to:
    %s: {
      type: cc.Texture2D // use 'type:' to define Texture2D object directly
    }
    %s: cc.Texture2D = null;
(This helps us to successfully refactor all RawAssets at v2.0, sorry for the inconvenience. 😰 )
2019-12-15T12:59:28.788Z - normal: Start building with options : {
  "actualPlatform": "android",
  "android": {
    "packageName": "azarashi.tokyo.math"
  },
  "android-instant": {
    "REMOTE_SERVER_ROOT": "",
    "host": "",
    "packageName": "jp.azarashi.math",
    "pathPattern": "",
    "recordPath": "",
    "scheme": "https",
    "skipRecord": false
  },
  "apiLevel": "android-28",
  "appABIs": [
    "arm64-v8a",
    "armeabi-v7a"
  ],
  "appBundle": false,
  "appKey": "",
  "appSecret": "",
  "buildPath": "/Users/chorai/Working/01_Projects/questgame/build",
  "debug": false,
  "dest": "/Users/chorai/Working/01_Projects/questgame/build/jsb-link",
  "embedWebDebugger": false,
  "encryptJs": true,
  "excludeScenes": [],
  "excludedModules": [],
  "fb-instant-games": {},
  "includeAnySDK": false,
  "includeSDKBox": false,
  "inlineSpriteFrames": true,
  "inlineSpriteFrames_native": true,
  "ios": {
    "packageName": "jp.azarashi.math"
  },
  "jailbreakPlatform": false,
  "mac": {
    "packageName": "jp.azarashi.math"
  },
  "md5Cache": false,
  "mergeStartScene": false,
  "oauthLoginServer": "",
  "optimizeHotUpdate": false,
  "orientation": {
    "landscapeLeft": false,
    "landscapeRight": false,
    "portrait": true,
    "upsideDown": false
  },
  "packageName": "jp.azarashi.math",
  "platform": "android",
  "previewHeight": "720",
  "previewWidth": "1280",
  "privateKey": "",
  "qqplay": {
    "REMOTE_SERVER_ROOT": "",
    "orientation": "portrait"
  },
  "scenes": [
    "7d888499-a4e9-4979-aa9c-798af56a4ad6",
    "87636fc8-3c19-488a-a3aa-c785a8e2e330"
  ],
  "sourceMaps": false,
  "startScene": "7d888499-a4e9-4979-aa9c-798af56a4ad6",
  "template": "link",
  "title": "AzaraMath",
  "useDebugKeystore": false,
  "vsVersion": "auto",
  "webOrientation": "auto",
  "wechatgame": {
    "REMOTE_SERVER_ROOT": "",
    "appid": "wx3fa17c4754ee6b67",
    "isSubdomain": false,
    "orientation": "portrait",
    "subContext": ""
  },
  "win32": {},
  "xxteaKey": "b20ef7a3-1672-49",
  "zipCompressJs": true,
  "project": "/Users/chorai/Working/01_Projects/questgame",
  "projectName": "AzaraMath",
  "debugBuildWorker": false
}
2019-12-15T12:59:28.789Z - normal: Building /Users/chorai/Working/01_Projects/questgame
2019-12-15T12:59:28.789Z - normal: Destination /Users/chorai/Working/01_Projects/questgame/build/jsb-link
2019-12-15T12:59:28.847Z - normal: Delete /Users/chorai/Working/01_Projects/questgame/build/jsb-link/subpackages/**/*,/Users/chorai/Working/01_Projects/questgame/build/jsb-link/res/**/*,/Users/chorai/Working/01_Projects/questgame/build/jsb-link/src/**/*
2019-12-15T12:59:28.892Z - normal: Checked Python Version [2.7.10]
2019-12-15T12:59:32.605Z - normal: Start building assets
2019-12-15T12:59:32.605Z - normal: Start spawn build-worker
2019-12-15T12:59:33.076Z - normal: Finish spawn build-worker
2019-12-15T12:59:33.076Z - normal: Start init build-worker
2019-12-15T12:59:34.552Z - normal: Finish init build-worker
2019-12-15T12:59:34.552Z - normal: Start build-assets in worker
2019-12-15T12:59:34.718Z - info: Enable "Inline all SpriteFrames" in native platform will increase the package size used in hot update.
2019-12-15T12:59:34.815Z - warn: The referenced asset used in "db://assets/scene/Result.fire" is not found, it may have been deleted. Detailed information:
Node path: "Canvas/Layout/background"
Used in Component: "cc.Sprite"
uuid: "974c888b-b6d9-4ff3-bb2e-a0631eea9fca"
2019-12-15T12:59:34.905Z - normal: Finish build-assets in worker
2019-12-15T12:59:34.908Z - normal: Finish building assets
2019-12-15T12:59:34.918Z - normal: Start building plugin scripts
2019-12-15T12:59:34.955Z - normal: Generating main.js from /Applications/CocosCreator.app/Contents/Resources/static/build-templates/shares/main.js
2019-12-15T12:59:34.983Z - normal: Checked Python Version [2.7.10]
2019-12-15T12:59:36.215Z - normal: Built to "/Users/chorai/Working/01_Projects/questgame/build/jsb-link" successfully
2019-12-15T12:59:41.094Z - normal: Checked Python Version [2.7.10]
2019-12-15T12:59:42.234Z - normal: Start to compile native project. Please wait...
2019-12-15T12:59:42.234Z - normal: The log file path [ /Users/chorai/.CocosCreator/logs/native.log ]
2019-12-15T13:04:28.695Z - normal: Compile native project successfully.
